Determining if the pthread_create exist failed with the following output:
Change Dir: /home/ywc/work/cplusplus/slam/cmake-build-debug/CMakeFiles/CMakeTmp

Run Build Command:"/usr/bin/make" "cmTC_0db26/fast"
/usr/bin/make -f CMakeFiles/cmTC_0db26.dir/build.make CMakeFiles/cmTC_0db26.dir/build
make[1]: Entering directory '/home/ywc/work/cplusplus/slam/cmake-build-debug/CMakeFiles/CMakeTmp'
Building C object CMakeFiles/cmTC_0db26.dir/CheckSymbolExists.c.o
/usr/bin/cc    -o CMakeFiles/cmTC_0db26.dir/CheckSymbolExists.c.o   -c /home/ywc/work/cplusplus/slam/cmake-build-debug/CMakeFiles/CMakeTmp/CheckSymbolExists.c
Linking C executable cmTC_0db26
/home/ywc/Downloads/clion-2017.2.3/bin/cmake/bin/cmake -E cmake_link_script CMakeFiles/cmTC_0db26.dir/link.txt --verbose=1
/usr/bin/cc      -rdynamic CMakeFiles/cmTC_0db26.dir/CheckSymbolExists.c.o  -o cmTC_0db26 
CMakeFiles/cmTC_0db26.dir/CheckSymbolExists.c.o：在函数‘main’中：
CheckSymbolExists.c:(.text+0x16)：对‘pthread_create’未定义的引用
collect2: error: ld returned 1 exit status
CMakeFiles/cmTC_0db26.dir/build.make:97: recipe for target 'cmTC_0db26' failed
make[1]: *** [cmTC_0db26] Error 1
make[1]: Leaving directory '/home/ywc/work/cplusplus/slam/cmake-build-debug/CMakeFiles/CMakeTmp'
Makefile:126: recipe for target 'cmTC_0db26/fast' failed
make: *** [cmTC_0db26/fast] Error 2

File /home/ywc/work/cplusplus/slam/cmake-build-debug/CMakeFiles/CMakeTmp/CheckSymbolExists.c:
/* */
#include <pthread.h>

int main(int argc, char** argv)
{
  (void)argv;
#ifndef pthread_create
  return ((int*)(&pthread_create))[argc];
#else
  (void)argc;
  return 0;
#endif
}

Determining if the function pthread_create exists in the pthreads failed with the following output:
Change Dir: /home/ywc/work/cplusplus/slam/cmake-build-debug/CMakeFiles/CMakeTmp

Run Build Command:"/usr/bin/make" "cmTC_43f8e/fast"
/usr/bin/make -f CMakeFiles/cmTC_43f8e.dir/build.make CMakeFiles/cmTC_43f8e.dir/build
make[1]: Entering directory '/home/ywc/work/cplusplus/slam/cmake-build-debug/CMakeFiles/CMakeTmp'
Building C object CMakeFiles/cmTC_43f8e.dir/CheckFunctionExists.c.o
/usr/bin/cc   -DCHECK_FUNCTION_EXISTS=pthread_create   -o CMakeFiles/cmTC_43f8e.dir/CheckFunctionExists.c.o   -c /home/ywc/Downloads/clion-2017.2.3/bin/cmake/share/cmake-3.8/Modules/CheckFunctionExists.c
Linking C executable cmTC_43f8e
/home/ywc/Downloads/clion-2017.2.3/bin/cmake/bin/cmake -E cmake_link_script CMakeFiles/cmTC_43f8e.dir/link.txt --verbose=1
/usr/bin/cc  -DCHECK_FUNCTION_EXISTS=pthread_create    -rdynamic CMakeFiles/cmTC_43f8e.dir/CheckFunctionExists.c.o  -o cmTC_43f8e -lpthreads 
/usr/bin/ld: 找不到 -lpthreads
collect2: error: ld returned 1 exit status
CMakeFiles/cmTC_43f8e.dir/build.make:97: recipe for target 'cmTC_43f8e' failed
make[1]: *** [cmTC_43f8e] Error 1
make[1]: Leaving directory '/home/ywc/work/cplusplus/slam/cmake-build-debug/CMakeFiles/CMakeTmp'
Makefile:126: recipe for target 'cmTC_43f8e/fast' failed
make: *** [cmTC_43f8e/fast] Error 2


