Determining if the pthread_create exist failed with the following output:
Change Dir: /home/ywc/work/cplusplus/slam/src/CMakeFiles/CMakeTmp

Run Build Command:"/usr/bin/make" "cmTC_6b160/fast"
/usr/bin/make -f CMakeFiles/cmTC_6b160.dir/build.make CMakeFiles/cmTC_6b160.dir/build
make[1]: Entering directory '/home/ywc/work/cplusplus/slam/src/CMakeFiles/CMakeTmp'
Building C object CMakeFiles/cmTC_6b160.dir/CheckSymbolExists.c.o
/usr/bin/cc     -o CMakeFiles/cmTC_6b160.dir/CheckSymbolExists.c.o   -c /home/ywc/work/cplusplus/slam/src/CMakeFiles/CMakeTmp/CheckSymbolExists.c
Linking C executable cmTC_6b160
/usr/bin/cmake -E cmake_link_script CMakeFiles/cmTC_6b160.dir/link.txt --verbose=1
/usr/bin/cc       CMakeFiles/cmTC_6b160.dir/CheckSymbolExists.c.o  -o cmTC_6b160 -rdynamic 
CMakeFiles/cmTC_6b160.dir/CheckSymbolExists.c.o：在函数‘main’中：
CheckSymbolExists.c:(.text+0x16)：对‘pthread_create’未定义的引用
collect2: error: ld returned 1 exit status
CMakeFiles/cmTC_6b160.dir/build.make:97: recipe for target 'cmTC_6b160' failed
make[1]: *** [cmTC_6b160] Error 1
make[1]: Leaving directory '/home/ywc/work/cplusplus/slam/src/CMakeFiles/CMakeTmp'
Makefile:126: recipe for target 'cmTC_6b160/fast' failed
make: *** [cmTC_6b160/fast] Error 2

File /home/ywc/work/cplusplus/slam/src/CMakeFiles/CMakeTmp/CheckSymbolExists.c:
/* */
#include <pthread.h>

int main(int argc, char** argv)
{
  (void)argv;
#ifndef pthread_create
  return ((int*)(&pthread_create))[argc];
#else
  (void)argc;
  return 0;
#endif
}

Determining if the function pthread_create exists in the pthreads failed with the following output:
Change Dir: /home/ywc/work/cplusplus/slam/src/CMakeFiles/CMakeTmp

Run Build Command:"/usr/bin/make" "cmTC_61239/fast"
/usr/bin/make -f CMakeFiles/cmTC_61239.dir/build.make CMakeFiles/cmTC_61239.dir/build
make[1]: Entering directory '/home/ywc/work/cplusplus/slam/src/CMakeFiles/CMakeTmp'
Building C object CMakeFiles/cmTC_61239.dir/CheckFunctionExists.c.o
/usr/bin/cc    -DCHECK_FUNCTION_EXISTS=pthread_create   -o CMakeFiles/cmTC_61239.dir/CheckFunctionExists.c.o   -c /usr/share/cmake-3.5/Modules/CheckFunctionExists.c
Linking C executable cmTC_61239
/usr/bin/cmake -E cmake_link_script CMakeFiles/cmTC_61239.dir/link.txt --verbose=1
/usr/bin/cc   -DCHECK_FUNCTION_EXISTS=pthread_create    CMakeFiles/cmTC_61239.dir/CheckFunctionExists.c.o  -o cmTC_61239 -rdynamic -lpthreads 
/usr/bin/ld: 找不到 -lpthreads
collect2: error: ld returned 1 exit status
CMakeFiles/cmTC_61239.dir/build.make:97: recipe for target 'cmTC_61239' failed
make[1]: *** [cmTC_61239] Error 1
make[1]: Leaving directory '/home/ywc/work/cplusplus/slam/src/CMakeFiles/CMakeTmp'
Makefile:126: recipe for target 'cmTC_61239/fast' failed
make: *** [cmTC_61239/fast] Error 2


